2024-08-03 20:12:05 Info: 1 / New video.
2024-08-03 20:13:55 Info: 1 / Video already exists. Use --overwrite to overwrite it.
2024-08-03 20:14:09 Info: 1 / Overwriting files.
2024-08-03 20:39:46 Info: 1 / Files: /home/acidtib/code/clipper/results/1
2024-08-03 20:39:48 Info: 1 / Files: /home/acidtib/code/clipper/results/1
2024-08-03 20:41:20 Info: 1 / Files: /home/acidtib/code/clipper/results/1
2024-08-03 20:41:20 Info: ff.txt
2024-08-03 22:01:33 Info: 1 / Downloading https://www.twitch.tv/hornetlul/clip/FlirtyBlithePotSoBayed-DRNq8JAihgpRESwh.
2024-08-03 22:01:33 Info: 1 / Downloading https://www.twitch.tv/sonnekonig85/clip/AverageSneakyAmazonFloof-tNl-n8wY1CHkNfKy.
2024-08-03 22:19:51 Info: 1 / Downloading https://www.twitch.tv/hornetlul/clip/FlirtyBlithePotSoBayed-DRNq8JAihgpRESwh.
2024-08-03 22:19:51 Info: 1 / Downloading https://www.twitch.tv/sonnekonig85/clip/AverageSneakyAmazonFloof-tNl-n8wY1CHkNfKy.
2024-08-03 22:25:15 Info: 1 / Downloading https://www.twitch.tv/hornetlul/clip/FlirtyBlithePotSoBayed-DRNq8JAihgpRESwh.
2024-08-03 22:25:15 Info: 1 / Downloading https://www.twitch.tv/sonnekonig85/clip/AverageSneakyAmazonFloof-tNl-n8wY1CHkNfKy.
2024-08-03 22:30:12 Info: 1 / Downloading https://www.twitch.tv/hornetlul/clip/FlirtyBlithePotSoBayed-DRNq8JAihgpRESwh.
2024-08-03 22:30:12 Info: 1 / Downloading https://www.twitch.tv/sonnekonig85/clip/AverageSneakyAmazonFloof-tNl-n8wY1CHkNfKy.
2024-08-03 22:31:49 Info: 1 / Downloading https://www.twitch.tv/hornetlul/clip/FlirtyBlithePotSoBayed-DRNq8JAihgpRESwh.
2024-08-03 22:31:56 Info: 1 / Downloading https://www.twitch.tv/sonnekonig85/clip/AverageSneakyAmazonFloof-tNl-n8wY1CHkNfKy.
2024-08-03 22:32:16 Info: 1 / Downloading https://www.twitch.tv/hornetlul/clip/FlirtyBlithePotSoBayed-DRNq8JAihgpRESwh.
2024-08-03 22:32:16 Info: 1 / Downloading https://www.twitch.tv/sonnekonig85/clip/AverageSneakyAmazonFloof-tNl-n8wY1CHkNfKy.
2024-08-03 22:32:47 Info: 1 / Downloading https://www.twitch.tv/hornetlul/clip/FlirtyBlithePotSoBayed-DRNq8JAihgpRESwh.
2024-08-03 22:32:47 Info: 1 / Downloading https://www.twitch.tv/sonnekonig85/clip/AverageSneakyAmazonFloof-tNl-n8wY1CHkNfKy.
2024-08-03 22:33:05 Info: 1 / Downloading https://www.twitch.tv/hornetlul/clip/FlirtyBlithePotSoBayed-DRNq8JAihgpRESwh.
2024-08-03 22:33:05 Info: 1 / Downloading https://www.twitch.tv/sonnekonig85/clip/AverageSneakyAmazonFloof-tNl-n8wY1CHkNfKy.
2024-08-03 22:34:09 Info: 1 / Downloading https://www.twitch.tv/hornetlul/clip/FlirtyBlithePotSoBayed-DRNq8JAihgpRESwh.
2024-08-03 22:35:00 Info: 1 / Downloading https://www.twitch.tv/hornetlul/clip/FlirtyBlithePotSoBayed-DRNq8JAihgpRESwh.
2024-08-03 22:35:21 Info: 1 / Downloading https://www.twitch.tv/hornetlul/clip/FlirtyBlithePotSoBayed-DRNq8JAihgpRESwh.
2024-08-03 22:35:33 Info: 1 / Downloading https://www.twitch.tv/hornetlul/clip/FlirtyBlithePotSoBayed-DRNq8JAihgpRESwh.
2024-08-03 22:35:51 Info: 1 / Downloading https://www.twitch.tv/hornetlul/clip/FlirtyBlithePotSoBayed-DRNq8JAihgpRESwh.
2024-08-03 22:36:10 Info: 1 / Downloading https://www.twitch.tv/hornetlul/clip/FlirtyBlithePotSoBayed-DRNq8JAihgpRESwh.
2024-08-03 22:36:10 Info: 1 / Downloading https://www.twitch.tv/sonnekonig85/clip/AverageSneakyAmazonFloof-tNl-n8wY1CHkNfKy.
2024-08-03 22:36:35 Info: 1 / Downloading https://www.twitch.tv/hornetlul/clip/FlirtyBlithePotSoBayed-DRNq8JAihgpRESwh.
2024-08-03 22:36:35 Info: 1 / Downloading https://www.twitch.tv/sonnekonig85/clip/AverageSneakyAmazonFloof-tNl-n8wY1CHkNfKy.
2024-08-03 22:37:50 Info: 1 / Downloading https://www.twitch.tv/hornetlul/clip/FlirtyBlithePotSoBayed-DRNq8JAihgpRESwh.
2024-08-03 22:37:50 Info: 1 / Downloading https://www.twitch.tv/sonnekonig85/clip/AverageSneakyAmazonFloof-tNl-n8wY1CHkNfKy.
2024-08-03 22:38:44 Info: 1 / Downloading https://www.twitch.tv/hornetlul/clip/FlirtyBlithePotSoBayed-DRNq8JAihgpRESwh.
2024-08-03 22:38:44 Info: 1 / Downloading https://www.twitch.tv/sonnekonig85/clip/AverageSneakyAmazonFloof-tNl-n8wY1CHkNfKy.
2024-08-03 22:39:16 Info: 1 / Downloading https://www.twitch.tv/hornetlul/clip/FlirtyBlithePotSoBayed-DRNq8JAihgpRESwh.
2024-08-03 22:39:16 Info: 1 / Downloading https://www.twitch.tv/sonnekonig85/clip/AverageSneakyAmazonFloof-tNl-n8wY1CHkNfKy.
2024-08-03 22:41:28 Info: 1 / Downloading https://www.twitch.tv/hornetlul/clip/FlirtyBlithePotSoBayed-DRNq8JAihgpRESwh.
2024-08-03 22:41:28 Info: 1 / Downloading https://www.twitch.tv/sonnekonig85/clip/AverageSneakyAmazonFloof-tNl-n8wY1CHkNfKy.
2024-08-03 22:42:42 Info: 1 / Downloading https://www.twitch.tv/hornetlul/clip/FlirtyBlithePotSoBayed-DRNq8JAihgpRESwh.
2024-08-03 22:42:42 Info: 1 / Downloading https://www.twitch.tv/sonnekonig85/clip/AverageSneakyAmazonFloof-tNl-n8wY1CHkNfKy.
